{"level":40,"time":1657758630978,"pid":11460,"hostname":"DESKTOP-N9KHHM7","msg":"Ruta GET http://localhost:8080/favicon.ico no implementada"}
{"level":40,"time":1657759735393,"pid":12780,"hostname":"DESKTOP-N9KHHM7","msg":"Ruta GET http://localhost:8080/favicon.ico no implementada"}
{"level":40,"time":1657763026842,"pid":3092,"hostname":"DESKTOP-N9KHHM7","msg":"Ruta GET http://localhost:8080/views/layouts/productos.ejs no implementada"}
{"level":40,"time":1657763069342,"pid":6816,"hostname":"DESKTOP-N9KHHM7","msg":"Ruta GET http://localhost:8080/views/layouts/productos.ejs no implementada"}
{"level":40,"time":1657763150483,"pid":1692,"hostname":"DESKTOP-N9KHHM7","msg":"Ruta GET http://localhost:8080/views/layouts/productos.ejs no implementada"}
{"level":40,"time":1657763152593,"pid":1692,"hostname":"DESKTOP-N9KHHM7","msg":"Ruta GET http://localhost:8080/views/layouts/mensajes.ejs no implementada"}
{"level":40,"time":1657763267015,"pid":2708,"hostname":"DESKTOP-N9KHHM7","msg":"Ruta GET http://localhost:8080/views/layouts/mensajes.ejs no implementada"}
{"level":40,"time":1657763272948,"pid":2708,"hostname":"DESKTOP-N9KHHM7","msg":"Ruta GET http://localhost:8080/views/layouts/mensajes.ejs no implementada"}
{"level":40,"time":1657763314053,"pid":12772,"hostname":"DESKTOP-N9KHHM7","msg":"Ruta GET http://localhost:8080/views/layouts/mensajes.ejs no implementada"}
{"level":40,"time":1657763316147,"pid":12772,"hostname":"DESKTOP-N9KHHM7","msg":"Ruta GET http://localhost:8080/views/layouts/mensajes.ejs no implementada"}
{"level":40,"time":1657763494086,"pid":11944,"hostname":"DESKTOP-N9KHHM7","msg":"Ruta GET http://localhost:8080/views/layouts/mensajes.ejs no implementada"}
{"level":40,"time":1657763510508,"pid":12324,"hostname":"DESKTOP-N9KHHM7","msg":"Ruta GET http://localhost:8080/views/layouts/mensajes.ejs no implementada"}
{"level":40,"time":1657763514204,"pid":12324,"hostname":"DESKTOP-N9KHHM7","msg":"Ruta GET http://localhost:8080/views/layouts/mensajes.ejs no implementada"}
{"level":40,"time":1657763573609,"pid":7948,"hostname":"DESKTOP-N9KHHM7","msg":"Ruta GET http://localhost:8080/views/layouts/mensajes.ejs no implementada"}
{"level":40,"time":1657763580335,"pid":7948,"hostname":"DESKTOP-N9KHHM7","msg":"Ruta GET http://localhost:8080/views/layouts/mensajes.ejs no implementada"}
{"level":40,"time":1657763640375,"pid":6984,"hostname":"DESKTOP-N9KHHM7","msg":"Ruta GET http://localhost:8080/views/layouts/mensajes.ejs no implementada"}
{"level":40,"time":1657763684505,"pid":10940,"hostname":"DESKTOP-N9KHHM7","msg":"Ruta GET http://localhost:8080/views/layouts/mensajes.ejs no implementada"}
{"level":40,"time":1657763687324,"pid":10940,"hostname":"DESKTOP-N9KHHM7","msg":"Ruta GET http://localhost:8080/views/layouts/mensajes.ejs no implementada"}
{"level":40,"time":1657763760630,"pid":9180,"hostname":"DESKTOP-N9KHHM7","msg":"Ruta GET http://localhost:8080/views/layouts/mensajes.ejs no implementada"}
{"level":40,"time":1657763767222,"pid":9180,"hostname":"DESKTOP-N9KHHM7","msg":"Ruta GET http://localhost:8080/views/layouts/productos.ejs no implementada"}
{"level":40,"time":1657763767270,"pid":9180,"hostname":"DESKTOP-N9KHHM7","msg":"Ruta GET http://localhost:8080/views/layouts/productos_carrito.ejs no implementada"}
{"level":40,"time":1657763824769,"pid":9180,"hostname":"DESKTOP-N9KHHM7","msg":"Ruta GET http://localhost:8080/views/layouts/productos_carrito.ejs no implementada"}
{"level":40,"time":1657817907355,"pid":5660,"hostname":"DESKTOP-N9KHHM7","msg":"Ruta GET http://localhost:8080/robots.txt no implementada"}
{"level":40,"time":1658013100268,"pid":1056,"hostname":"DESKTOP-N9KHHM7","msg":"Ruta GET http://localhost:8080/categoria/Navidad no implementada"}
{"level":40,"time":1658013100691,"pid":1056,"hostname":"DESKTOP-N9KHHM7","msg":"Ruta GET http://localhost:8080/favicon.ico no implementada"}
{"level":40,"time":1658013134954,"pid":1056,"hostname":"DESKTOP-N9KHHM7","msg":"Ruta GET http://localhost:8080/favicon.ico no implementada"}
{"level":40,"time":1658013146872,"pid":1056,"hostname":"DESKTOP-N9KHHM7","msg":"Ruta GET http://localhost:8080/favicon.ico no implementada"}
